<?xml version="1.0" encoding="UTF-8"?>
<testsuite xmlns:xsi="http://www.w3.org/2001/XMLSchema-instance" xsi:noNamespaceSchemaLocation="https://maven.apache.org/surefire/maven-surefire-plugin/xsd/surefire-test-report-3.0.xsd" version="3.0" name="TestSuite" time="95.486" tests="2" errors="0" skipped="0" failures="0">
  <properties>
[...]
</properties>
  <testcase name="verifyRegistration" classname="testCases.TC001_RegisterTest" time="25.162">
    <system-out><![CDATA[2026-03-02 13:49:47.279 [main] INFO  TC001_RegisterTest - **** TC001_RegisterTest case is started ****
2026-03-02 13:49:49.071 [main] INFO  TC001_RegisterTest - Entering Registration Details
2026-03-02 13:49:54.889 [main] INFO  TC001_RegisterTest - Entering Registration Details Entered
2026-03-02 13:49:59.250 [main] INFO  TC001_RegisterTest - Registration Results Page Opened
2026-03-02 13:50:00.668 [main] INFO  TC001_RegisterTest - Registration Results Page Closed
2026-03-02 13:50:11.373 [main] INFO  TC001_RegisterTest - Login successful and entered in to Welcome Page
2026-03-02 13:50:12.318 [main] INFO  TC001_RegisterTest - **** TC001_RegisterTest case is successfully executed ****
]]></system-out>
    <system-err><![CDATA[Mar 02, 2026 1:49:33 PM org.openqa.selenium.remote.tracing.opentelemetry.OpenTelemetryTracer createTracer
INFO: Using OpenTelemetry for tracing
]]></system-err>
  </testcase>
  <testcase name="verifyRegistration" classname="testCases.TC001_RegisterTest" time="26.989">
    <system-out><![CDATA[2026-03-02 13:50:32.481 [main] INFO  TC001_RegisterTest - **** TC001_RegisterTest case is started ****
2026-03-02 13:50:37.804 [main] INFO  TC001_RegisterTest - Entering Registration Details
2026-03-02 13:50:42.952 [main] INFO  TC001_RegisterTest - Entering Registration Details Entered
2026-03-02 13:50:47.190 [main] INFO  TC001_RegisterTest - Registration Results Page Opened
2026-03-02 13:50:48.481 [main] INFO  TC001_RegisterTest - Registration Results Page Closed
2026-03-02 13:50:58.608 [main] INFO  TC001_RegisterTest - Login successful and entered in to Welcome Page
2026-03-02 13:50:59.441 [main] INFO  TC001_RegisterTest - **** TC001_RegisterTest case is successfully executed ****
]]></system-out>
  </testcase>
</testsuite>