<?xml version="1.0" encoding="UTF-8"?>
<testng-results ignored="0" total="2" passed="2" failed="0" skipped="0">
  <reporter-output>
  </reporter-output>
  <suite started-at="2026-03-02T12:55:14 IST" name="Suite" finished-at="2026-03-02T12:56:50 IST" duration-ms="95699">
    <groups>
      <group name="Sanity">
        <method signature="TC001_RegisterTest.verifyRegistration()[pri:0, instance:testCases.TC001_RegisterTest@3d1cfad4]" name="verifyRegistration" class="testCases.TC001_RegisterTest"/>
        <method signature="TC001_RegisterTest.verifyRegistration()[pri:0, instance:testCases.TC001_RegisterTest@3059cbc]" name="verifyRegistration" class="testCases.TC001_RegisterTest"/>
      </group> <!-- Sanity -->
    </groups>
    <test started-at="2026-03-02T12:55:14 IST" name="Linux Edge" finished-at="2026-03-02T12:56:08 IST" duration-ms="53141">
      <class name="testCases.TC001_RegisterTest">
        <test-method is-config="true" signature="setup(java.lang.String,java.lang.String)[pri:0, instance:testCases.TC001_RegisterTest@3d1cfad4]" started-at="2026-03-02T12:55:15 IST" name="setup" finished-at="2026-03-02T12:55:38 IST" duration-ms="22362" status="PASS">
          <params>
            <param index="0">
              <value>
                <![CDATA[linux]]>
              </value>
            </param>
            <param index="1">
              <value>
                <![CDATA[chrome]]>
              </value>
            </param>
          </params>
          <reporter-output>
          </reporter-output>
        </test-method> <!-- setup -->
        <test-method signature="verifyRegistration()[pri:0, instance:testCases.TC001_RegisterTest@3d1cfad4]" started-at="2026-03-02T12:55:38 IST" name="verifyRegistration" finished-at="2026-03-02T12:56:07 IST" duration-ms="29147" status="PASS">
          <reporter-output>
          </reporter-output>
        </test-method> <!-- verifyRegistration -->
        <test-method is-config="true" signature="clearContext()[pri:0, instance:testCases.TC001_RegisterTest@3d1cfad4]" started-at="2026-03-02T12:56:07 IST" name="clearContext" finished-at="2026-03-02T12:56:07 IST" duration-ms="1" status="PASS">
          <reporter-output>
          </reporter-output>
        </test-method> <!-- clearContext -->
        <test-method is-config="true" signature="teardown()[pri:0, instance:testCases.TC001_RegisterTest@3d1cfad4]" started-at="2026-03-02T12:56:07 IST" name="teardown" finished-at="2026-03-02T12:56:08 IST" duration-ms="580" status="PASS">
          <reporter-output>
          </reporter-output>
        </test-method> <!-- teardown -->
      </class> <!-- testCases.TC001_RegisterTest -->
    </test> <!-- Linux Edge -->
    <test started-at="2026-03-02T12:56:12 IST" name="Linux Firefox" finished-at="2026-03-02T12:56:50 IST" duration-ms="38480">
      <class name="testCases.TC001_RegisterTest">
        <test-method is-config="true" signature="setup(java.lang.String,java.lang.String)[pri:0, instance:testCases.TC001_RegisterTest@3059cbc]" started-at="2026-03-02T12:56:12 IST" name="setup" finished-at="2026-03-02T12:56:23 IST" duration-ms="11204" status="PASS">
          <params>
            <param index="0">
              <value>
                <![CDATA[linux]]>
              </value>
            </param>
            <param index="1">
              <value>
                <![CDATA[firefox]]>
              </value>
            </param>
          </params>
          <reporter-output>
          </reporter-output>
        </test-method> <!-- setup -->
        <test-method signature="verifyRegistration()[pri:0, instance:testCases.TC001_RegisterTest@3059cbc]" started-at="2026-03-02T12:56:23 IST" name="verifyRegistration" finished-at="2026-03-02T12:56:49 IST" duration-ms="25970" status="PASS">
          <reporter-output>
          </reporter-output>
        </test-method> <!-- verifyRegistration -->
        <test-method is-config="true" signature="clearContext()[pri:0, instance:testCases.TC001_RegisterTest@3059cbc]" started-at="2026-03-02T12:56:49 IST" name="clearContext" finished-at="2026-03-02T12:56:49 IST" duration-ms="3" status="PASS">
          <reporter-output>
          </reporter-output>
        </test-method> <!-- clearContext -->
        <test-method is-config="true" signature="teardown()[pri:0, instance:testCases.TC001_RegisterTest@3059cbc]" started-at="2026-03-02T12:56:49 IST" name="teardown" finished-at="2026-03-02T12:56:50 IST" duration-ms="1253" status="PASS">
          <reporter-output>
          </reporter-output>
        </test-method> <!-- teardown -->
      </class> <!-- testCases.TC001_RegisterTest -->
    </test> <!-- Linux Firefox -->
  </suite> <!-- Suite -->
</testng-results>
