<?xml version="1.0" encoding="UTF-8"?>
<!-- Generated by org.testng.reporters.JUnitReportReporter -->
<testsuite hostname="DESKTOP-LNU7VBA" failures="0" tests="2" name="testCases.TC001_RegisterTest" time="55.117" errors="0" timestamp="2026-03-02T12:56:53 IST" skipped="0">
  <testcase classname="testCases.TC001_RegisterTest" name="verifyRegistration" time="25.970"/>
  <testcase classname="testCases.TC001_RegisterTest" name="verifyRegistration" time="29.147"/>
</testsuite> <!-- testCases.TC001_RegisterTest -->
