<?xml version="1.0" encoding="UTF-8"?>
<!-- Generated by org.testng.reporters.JUnitReportReporter -->
<testsuite hostname="DESKTOP-LNU7VBA" failures="0" tests="2" name="testCases.TC001_RegisterTest" time="52.065" errors="0" timestamp="2026-03-02T13:51:03 IST" skipped="0">
  <testcase classname="testCases.TC001_RegisterTest" name="verifyRegistration" time="25.092"/>
  <testcase classname="testCases.TC001_RegisterTest" name="verifyRegistration" time="26.973"/>
</testsuite> <!-- testCases.TC001_RegisterTest -->
